This is pdfTeX, Version 3.1415926-1.40.11 (MiKTeX 2.9) (preloaded format=pdflatex 2017.4.19)  11 MAY 2017 10:09
entering extended mode
**F:/task/ª·“È¬€Œƒ/version2/a.tex
(F:/task/ª·“È¬€Œƒ/version2/a.tex
LaTeX2e <2009/09/24>
Babel <v3.8l> and hyphenation patterns for loaded.
("E:\Program Files (x86)\CTEX\MiKTeX\tex\latex\ieeetran\IEEEtran.cls"
Document Class: IEEEtran 2007/03/05 V1.7a by Michael Shell
-- See the "IEEEtran_HOWTO" manual for usage information.
-- http://www.michaelshell.org/tex/ieeetran/
\@IEEEtrantmpdimenA=\dimen102
\@IEEEtrantmpdimenB=\dimen103
\@IEEEtrantmpcountA=\count79
\@IEEEtrantmpcountB=\count80
\@IEEEtrantmptoksA=\toks14
LaTeX Font Info:    Try loading font information for OT1+ptm on input line 366.

("E:\Program Files (x86)\CTEX\MiKTeX\tex\latex\psnfss\ot1ptm.fd"
File: ot1ptm.fd 2001/06/04 font definitions for OT1/ptm.
)
-- Using 8.5in x 11in (letter) paper.
-- Using PDF output.
\@IEEEnormalsizeunitybaselineskip=\dimen104
-- This is a 10 point document.
\CLASSINFOnormalsizebaselineskip=\dimen105
\CLASSINFOnormalsizeunitybaselineskip=\dimen106
\IEEEnormaljot=\dimen107
LaTeX Font Info:    Font shape `OT1/ptm/bx/n' in size <5> not available
(Font)              Font shape `OT1/ptm/b/n' tried instead on input line 724.
LaTeX Font Info:    Font shape `OT1/ptm/bx/it' in size <5> not available
(Font)              Font shape `OT1/ptm/b/it' tried instead on input line 724.
LaTeX Font Info:    Font shape `OT1/ptm/bx/n' in size <7> not available
(Font)              Font shape `OT1/ptm/b/n' tried instead on input line 724.
LaTeX Font Info:    Font shape `OT1/ptm/bx/it' in size <7> not available
(Font)              Font shape `OT1/ptm/b/it' tried instead on input line 724.
LaTeX Font Info:    Font shape `OT1/ptm/bx/n' in size <8> not available
(Font)              Font shape `OT1/ptm/b/n' tried instead on input line 724.
LaTeX Font Info:    Font shape `OT1/ptm/bx/it' in size <8> not available
(Font)              Font shape `OT1/ptm/b/it' tried instead on input line 724.
LaTeX Font Info:    Font shape `OT1/ptm/bx/n' in size <9> not available
(Font)              Font shape `OT1/ptm/b/n' tried instead on input line 724.
LaTeX Font Info:    Font shape `OT1/ptm/bx/it' in size <9> not available
(Font)              Font shape `OT1/ptm/b/it' tried instead on input line 724.
LaTeX Font Info:    Font shape `OT1/ptm/bx/n' in size <10> not available
(Font)              Font shape `OT1/ptm/b/n' tried instead on input line 724.
LaTeX Font Info:    Font shape `OT1/ptm/bx/it' in size <10> not available
(Font)              Font shape `OT1/ptm/b/it' tried instead on input line 724.
LaTeX Font Info:    Font shape `OT1/ptm/bx/n' in size <11> not available
(Font)              Font shape `OT1/ptm/b/n' tried instead on input line 724.
LaTeX Font Info:    Font shape `OT1/ptm/bx/it' in size <11> not available
(Font)              Font shape `OT1/ptm/b/it' tried instead on input line 724.
LaTeX Font Info:    Font shape `OT1/ptm/bx/n' in size <12> not available
(Font)              Font shape `OT1/ptm/b/n' tried instead on input line 724.
LaTeX Font Info:    Font shape `OT1/ptm/bx/it' in size <12> not available
(Font)              Font shape `OT1/ptm/b/it' tried instead on input line 724.
LaTeX Font Info:    Font shape `OT1/ptm/bx/n' in size <17> not available
(Font)              Font shape `OT1/ptm/b/n' tried instead on input line 724.
LaTeX Font Info:    Font shape `OT1/ptm/bx/it' in size <17> not available
(Font)              Font shape `OT1/ptm/b/it' tried instead on input line 724.
LaTeX Font Info:    Font shape `OT1/ptm/bx/n' in size <20> not available
(Font)              Font shape `OT1/ptm/b/n' tried instead on input line 724.
LaTeX Font Info:    Font shape `OT1/ptm/bx/it' in size <20> not available
(Font)              Font shape `OT1/ptm/b/it' tried instead on input line 724.
LaTeX Font Info:    Font shape `OT1/ptm/bx/n' in size <24> not available
(Font)              Font shape `OT1/ptm/b/n' tried instead on input line 724.
LaTeX Font Info:    Font shape `OT1/ptm/bx/it' in size <24> not available
(Font)              Font shape `OT1/ptm/b/it' tried instead on input line 724.
\IEEEilabelindentA=\dimen108
\IEEEilabelindentB=\dimen109
\IEEEilabelindent=\dimen110
\IEEEelabelindent=\dimen111
\IEEEdlabelindent=\dimen112
\IEEElabelindent=\dimen113
\IEEEiednormlabelsep=\dimen114
\IEEEiedmathlabelsep=\dimen115
\IEEEiedtopsep=\skip41
\c@section=\count81
\c@subsection=\count82
\c@subsubsection=\count83
\c@paragraph=\count84
\c@IEEEsubequation=\count85
\abovecaptionskip=\skip42
\belowcaptionskip=\skip43
\c@figure=\count86
\c@table=\count87
\@IEEEeqnnumcols=\count88
\@IEEEeqncolcnt=\count89
\@IEEEtmpitemindent=\dimen116
\c@IEEEbiography=\count90
\@IEEEtranrubishbin=\box26
) ("E:\Program Files (x86)\CTEX\MiKTeX\tex\latex\jknappen\mathrsfs.sty"
Package: mathrsfs 1996/01/01 Math RSFS package v1.0 (jk)
\symrsfs=\mathgroup4
)
("E:\Program Files (x86)\CTEX\MiKTeX\tex\latex\ams\math\amsmath.sty"
Package: amsmath 2000/07/18 v2.13 AMS math features
\@mathmargin=\skip44

For additional information on amsmath, use the `?' option.
("E:\Program Files (x86)\CTEX\MiKTeX\tex\latex\ams\math\amstext.sty"
Package: amstext 2000/06/29 v2.01

("E:\Program Files (x86)\CTEX\MiKTeX\tex\latex\ams\math\amsgen.sty"
File: amsgen.sty 1999/11/30 v2.0
\@emptytoks=\toks15
\ex@=\dimen117
))
("E:\Program Files (x86)\CTEX\MiKTeX\tex\latex\ams\math\amsbsy.sty"
Package: amsbsy 1999/11/29 v1.2d
\pmbraise@=\dimen118
)
("E:\Program Files (x86)\CTEX\MiKTeX\tex\latex\ams\math\amsopn.sty"
Package: amsopn 1999/12/14 v2.01 operator names
)
\inf@bad=\count91
LaTeX Info: Redefining \frac on input line 211.
\uproot@=\count92
\leftroot@=\count93
LaTeX Info: Redefining \overline on input line 307.
\classnum@=\count94
\DOTSCASE@=\count95
LaTeX Info: Redefining \ldots on input line 379.
LaTeX Info: Redefining \dots on input line 382.
LaTeX Info: Redefining \cdots on input line 467.
\Mathstrutbox@=\box27
\strutbox@=\box28
\big@size=\dimen119
LaTeX Font Info:    Redeclaring font encoding OML on input line 567.
LaTeX Font Info:    Redeclaring font encoding OMS on input line 568.
\macc@depth=\count96
\c@MaxMatrixCols=\count97
\dotsspace@=\muskip10
\c@parentequation=\count98
\dspbrk@lvl=\count99
\tag@help=\toks16
\row@=\count100
\column@=\count101
\maxfields@=\count102
\andhelp@=\toks17
\eqnshift@=\dimen120
\alignsep@=\dimen121
\tagshift@=\dimen122
\tagwidth@=\dimen123
\totwidth@=\dimen124
\lineht@=\dimen125
\@envbody=\toks18
\multlinegap=\skip45
\multlinetaggap=\skip46
\mathdisplay@stack=\toks19
LaTeX Info: Redefining \[ on input line 2666.
LaTeX Info: Redefining \] on input line 2667.
)
("E:\Program Files (x86)\CTEX\MiKTeX\tex\latex\amsfonts\amsfonts.sty"
Package: amsfonts 2009/06/22 v3.00 Basic AMSFonts support
\symAMSa=\mathgroup5
\symAMSb=\mathgroup6
LaTeX Font Info:    Overwriting math alphabet `\mathfrak' in version `bold'
(Font)                  U/euf/m/n --> U/euf/b/n on input line 96.
)
("E:\Program Files (x86)\CTEX\MiKTeX\tex\latex\float\float.sty"
Package: float 2001/11/08 v1.3d Float enhancements (AL)
\c@float@type=\count103
\float@exts=\toks20
\float@box=\box29
\@float@everytoks=\toks21
\@floatcapt=\box30
)
("E:\Program Files (x86)\CTEX\MiKTeX\tex\latex\graphics\graphicx.sty"
Package: graphicx 1999/02/16 v1.0f Enhanced LaTeX Graphics (DPC,SPQR)

("E:\Program Files (x86)\CTEX\MiKTeX\tex\latex\graphics\keyval.sty"
Package: keyval 1999/03/16 v1.13 key=value parser (DPC)
\KV@toks@=\toks22
)
("E:\Program Files (x86)\CTEX\MiKTeX\tex\latex\graphics\graphics.sty"
Package: graphics 2009/02/05 v1.0o Standard LaTeX Graphics (DPC,SPQR)

("E:\Program Files (x86)\CTEX\MiKTeX\tex\latex\graphics\trig.sty"
Package: trig 1999/03/16 v1.09 sin cos tan (DPC)
)
("E:\Program Files (x86)\CTEX\MiKTeX\tex\latex\00miktex\graphics.cfg"
File: graphics.cfg 2007/01/18 v1.5 graphics configuration of teTeX/TeXLive
)
Package graphics Info: Driver file: pdftex.def on input line 91.

("E:\Program Files (x86)\CTEX\MiKTeX\tex\latex\pdftex-def\pdftex.def"
File: pdftex.def 2010/11/26 v0.05c Graphics/color for pdfTeX
\Gread@gobject=\count104
))
\Gin@req@height=\dimen126
\Gin@req@width=\dimen127
)
("E:\Program Files (x86)\CTEX\MiKTeX\tex\latex\algorithms\algorithm.sty"
Package: algorithm 2009/08/24 v0.1 Document Style `algorithm' - floating enviro
nment

("E:\Program Files (x86)\CTEX\MiKTeX\tex\latex\base\ifthen.sty"
Package: ifthen 2001/05/26 v1.1c Standard LaTeX ifthen package (DPC)
)
\@float@every@algorithm=\toks23
\c@algorithm=\count105
)
("E:\Program Files (x86)\CTEX\MiKTeX\tex\latex\algorithms\algorithmic.sty"
Package: algorithmic 2009/08/24 v0.1 Document Style `algorithmic'
\c@ALC@unique=\count106
\c@ALC@line=\count107
\c@ALC@rem=\count108
\c@ALC@depth=\count109
\ALC@tlm=\skip47
\algorithmicindent=\skip48
)
("E:\Program Files (x86)\CTEX\MiKTeX\tex\latex\ams\classes\amsthm.sty"
Package: amsthm 2004/08/06 v2.20
\thm@style=\toks24
\thm@bodyfont=\toks25
\thm@headfont=\toks26
\thm@notefont=\toks27
\thm@headpunct=\toks28
\thm@preskip=\skip49
\thm@postskip=\skip50
\thm@headsep=\skip51
\dth@everypar=\toks29
)
("E:\Program Files (x86)\CTEX\MiKTeX\tex\latex\sttools\stfloats.sty"
Package: stfloats 1999/10/22
\@dblbotnum=\count110
\c@dblbotnumber=\count111
)
("E:\Program Files (x86)\CTEX\MiKTeX\tex\latex\setspace\setspace.sty"
Package: setspace 2000/12/01 6.7 Contributed and Supported LaTeX2e package

Package: `setspace' 6.7 <2000/12/01>
) ("E:\Program Files (x86)\CTEX\MiKTeX\tex\latex\tools\bm.sty"
Package: bm 2004/02/26 v1.1c Bold Symbol Support (DPC/FMi)
\symboldoperators=\mathgroup7
\symboldletters=\mathgroup8
\symboldsymbols=\mathgroup9
LaTeX Font Info:    Redeclaring math alphabet \mathbf on input line 138.
LaTeX Info: Redefining \bm on input line 204.
)
(F:\task\ª·“È¬€Œƒ\version2\a.aux

LaTeX Warning: Label `number_inner_iterations' multiply defined.


LaTeX Warning: Label `number_inner_iterations' multiply defined.


LaTeX Warning: Label `number_inner_iterations' multiply defined.


LaTeX Warning: Label `number_inner_iterations' multiply defined.


LaTeX Warning: Label `number_inner_iterations' multiply defined.


LaTeX Warning: Label `number_inner_iterations' multiply defined.


LaTeX Warning: Label `number_inner_iterations' multiply defined.

)
LaTeX Font Info:    Checking defaults for OML/cmm/m/it on input line 333.
LaTeX Font Info:    ... okay on input line 333.
LaTeX Font Info:    Checking defaults for T1/cmr/m/n on input line 333.
LaTeX Font Info:    ... okay on input line 333.
LaTeX Font Info:    Checking defaults for OT1/cmr/m/n on input line 333.
LaTeX Font Info:    ... okay on input line 333.
LaTeX Font Info:    Checking defaults for OMS/cmsy/m/n on input line 333.
LaTeX Font Info:    ... okay on input line 333.
LaTeX Font Info:    Checking defaults for OMX/cmex/m/n on input line 333.
LaTeX Font Info:    ... okay on input line 333.
LaTeX Font Info:    Checking defaults for U/cmr/m/n on input line 333.
LaTeX Font Info:    ... okay on input line 333.
 ("E:\Program Files (x86)\CTEX\MiKTeX\tex\context\base\supp-pdf.mkii"
[Loading MPS to PDF converter (version 2006.09.02).]
\scratchcounter=\count112
\scratchdimen=\dimen128
\scratchbox=\box31
\nofMPsegments=\count113
\nofMParguments=\count114
\everyMPshowfont=\toks30
\MPscratchCnt=\count115
\MPscratchDim=\dimen129
\MPnumerator=\count116
\everyMPtoPDFconversion=\toks31
)
Underfull \hbox (badness 1688) in paragraph at lines 414--415
\OT1/ptm/m/n/10 fifth gen-er-a-tion(5G) wire-less com-mu-ni-ca-tion faces many
 []



pdfTeX warning: E:\Program Files (x86)\CTEX\MiKTeX\miktex\bin\pdflatex.exe (fil
e F:/task/ª·“È¬€Œƒ/version2/1.pdf): PDF inclusion: found PDF version <1.7>, but
 at most version <1.5> allowed
<1.pdf, id=1, 594.49403pt x 152.1384pt>
File: 1.pdf Graphic file (type pdf)
 <use 1.pdf>
LaTeX Font Info:    Try loading font information for U+rsfs on input line 542.

("E:\Program Files (x86)\CTEX\MiKTeX\tex\latex\jknappen\ursfs.fd"
File: ursfs.fd 1998/03/24 rsfs font definition file (jk)
)
LaTeX Font Info:    Try loading font information for U+msa on input line 542.

("E:\Program Files (x86)\CTEX\MiKTeX\tex\latex\amsfonts\umsa.fd"
File: umsa.fd 2009/06/22 v3.00 AMS symbols A
)
LaTeX Font Info:    Try loading font information for U+msb on input line 542.

("E:\Program Files (x86)\CTEX\MiKTeX\tex\latex\amsfonts\umsb.fd"
File: umsb.fd 2009/06/22 v3.00 AMS symbols B
)
Underfull \hbox (badness 1675) in paragraph at lines 542--545
\OML/cmm/m/it/10 l \OMS/cmsy/m/n/10 2 [] \OML/cmm/m/it/10 ; s \OMS/cmsy/m/n/10 
2 []$\OT1/ptm/m/n/10 , $\OML/cmm/m/it/10 L$ \OT1/ptm/m/n/10 and $\OML/cmm/m/it/
10 S$ \OT1/ptm/m/n/10 de-note the
 []


Underfull \hbox (badness 1466) in paragraph at lines 542--545
\OT1/ptm/m/n/10 num-ber of us-er and da-ta stream per us-er, re-spec-tive-ly.
 []


Underfull \hbox (badness 1430) in paragraph at lines 542--545
\OT1/ptm/m/n/10 At the trans-mit-ter, bi-na-ry in-for-ma-tion se-quence $[] \OT
1/cmr/m/n/10 =
 []

[1{E:/Program Files (x86)/CTEX/UserData/pdftex/config/pdftex.map{Unicode.sfd}{U
GBK.sfd}}


]

pdfTeX warning: E:\Program Files (x86)\CTEX\MiKTeX\miktex\bin\pdflatex.exe (fil
e F:/task/ª·“È¬€Œƒ/version2/2.pdf): PDF inclusion: found PDF version <1.7>, but
 at most version <1.5> allowed
<2.pdf, id=15, 592.23358pt x 236.49252pt>
File: 2.pdf Graphic file (type pdf)
 <use 2.pdf>

pdfTeX warning: E:\Program Files (x86)\CTEX\MiKTeX\miktex\bin\pdflatex.exe (fil
e F:/task/ª·“È¬€Œƒ/version2/3.pdf): PDF inclusion: found PDF version <1.7>, but
 at most version <1.5> allowed
<3.pdf, id=16, 588.45486pt x 579.77602pt>
File: 3.pdf Graphic file (type pdf)
 <use 3.pdf>

pdfTeX warning: E:\Program Files (x86)\CTEX\MiKTeX\miktex\bin\pdflatex.exe (fil
e F:/task/ª·“È¬€Œƒ/version2/4.pdf): PDF inclusion: found PDF version <1.7>, but
 at most version <1.5> allowed
<4.pdf, id=17, 596.001pt x 213.14432pt>
File: 4.pdf Graphic file (type pdf)
 <use 4.pdf> [2 <F:/task/ª·“È¬€Œƒ/version2/1.pdf> <F:/task/ª·“È¬€Œƒ/version2/2.
pdf> <F:/task/ª·“È¬€Œƒ/version2/3.pdf>]
Overfull \hbox (13.50731pt too wide) detected at line 624
[] []
 []



pdfTeX warning: E:\Program Files (x86)\CTEX\MiKTeX\miktex\bin\pdflatex.exe (fil
e F:/task/ª·“È¬€Œƒ/version2/5.pdf): PDF inclusion: found PDF version <1.7>, but
 at most version <1.5> allowed
<5.pdf, id=127, 249.77766pt x 106.57216pt>
File: 5.pdf Graphic file (type pdf)
 <use 5.pdf> [3 <F:/task/ª·“È¬€Œƒ/version2/4.pdf> <F:/task/ª·“È¬€Œƒ/version2/5.
pdf>]

pdfTeX warning: E:\Program Files (x86)\CTEX\MiKTeX\miktex\bin\pdflatex.exe (fil
e F:/task/ª·“È¬€Œƒ/version2/6.pdf): PDF inclusion: found PDF version <1.7>, but
 at most version <1.5> allowed
<6.pdf, id=167, 595.99948pt x 482.02281pt>
File: 6.pdf Graphic file (type pdf)
 <use 6.pdf>

pdfTeX warning: E:\Program Files (x86)\CTEX\MiKTeX\miktex\bin\pdflatex.exe (fil
e F:/task/ª·“È¬€Œƒ/version2/7.pdf): PDF inclusion: found PDF version <1.7>, but
 at most version <1.5> allowed
<7.pdf, id=168, 597.50829pt x 483.52945pt>
File: 7.pdf Graphic file (type pdf)
 <use 7.pdf> [4 <F:/task/ª·“È¬€Œƒ/version2/6.pdf> <F:/task/ª·“È¬€Œƒ/version2/7.
pdf>]
<8.pdf, id=224, 372.64218pt x 296.60812pt>
File: 8.pdf Graphic file (type pdf)
 <use 8.pdf>
Missing character: There is no ® in font ptmr7t!
Missing character: There is no ° in font ptmr7t!
Missing character: There is no ± in font ptmr7t!
Missing character: There is no ® in font ptmr7t!
Missing character: There is no ® in font ptmr7t!
Missing character: There is no ® in font ptmr7t!
Missing character: There is no ® in font ptmr7t!


** Conference Paper **
Before submitting the final camera ready copy, remember to:

 1. Manually equalize the lengths of two columns on the last page
 of your paper;

 2. Ensure that any PostScript and/or PDF output post-processing
 uses only Type 1 fonts and that every step in the generation
 process uses the appropriate paper size.

[5 <F:/task/ª·“È¬€Œƒ/version2/8.pdf>] (F:\task\ª·“È¬€Œƒ\version2\a.aux)

LaTeX Warning: There were multiply-defined labels.

 ) 
Here is how much of TeX's memory you used:
 2889 strings out of 495362
 40961 string characters out of 3182903
 118661 words of memory out of 3000000
 5992 multiletter control sequences out of 15000+200000
 46476 words of font info for 106 fonts, out of 3000000 for 9000
 17 hyphenation exceptions out of 8191
 27i,24n,22p,1633b,327s stack positions out of 5000i,500n,10000p,200000b,50000s
{E:/Program Files (x86)/CTEX/MiKTeX/fonts/enc/dvips/fontname/8r.enc}<E:/Progr
am Files (x86)/CTEX/MiKTeX/fonts/type1/public/amsfonts/cm/cmbx10.pfb><E:/Progra
m Files (x86)/CTEX/MiKTeX/fonts/type1/public/amsfonts/cm/cmex10.pfb><E:/Program
 Files (x86)/CTEX/MiKTeX/fonts/type1/public/amsfonts/cm/cmmi10.pfb><E:/Program 
Files (x86)/CTEX/MiKTeX/fonts/type1/public/amsfonts/cm/cmmi5.pfb><E:/Program Fi
les (x86)/CTEX/MiKTeX/fonts/type1/public/amsfonts/cm/cmmi7.pfb><E:/Program File
s (x86)/CTEX/MiKTeX/fonts/type1/public/amsfonts/cm/cmmi8.pfb><E:/Program Files 
(x86)/CTEX/MiKTeX/fonts/type1/public/amsfonts/cm/cmmib10.pfb><E:/Program Files 
(x86)/CTEX/MiKTeX/fonts/type1/public/amsfonts/cmextra/cmmib7.pfb><E:/Program Fi
les (x86)/CTEX/MiKTeX/fonts/type1/public/amsfonts/cm/cmr10.pfb><E:/Program File
s (x86)/CTEX/MiKTeX/fonts/type1/public/amsfonts/cm/cmr5.pfb><E:/Program Files (
x86)/CTEX/MiKTeX/fonts/type1/public/amsfonts/cm/cmr7.pfb><E:/Program Files (x86
)/CTEX/MiKTeX/fonts/type1/public/amsfonts/cm/cmr8.pfb><E:/Program Files (x86)/C
TEX/MiKTeX/fonts/type1/public/amsfonts/cm/cmsy10.pfb><E:/Program Files (x86)/CT
EX/MiKTeX/fonts/type1/public/amsfonts/cm/cmsy5.pfb><E:/Program Files (x86)/CTEX
/MiKTeX/fonts/type1/public/amsfonts/cm/cmsy7.pfb><E:/Program Files (x86)/CTEX/M
iKTeX/fonts/type1/urw/times/utmb8a.pfb><E:/Program Files (x86)/CTEX/MiKTeX/font
s/type1/urw/times/utmbi8a.pfb><E:/Program Files (x86)/CTEX/MiKTeX/fonts/type1/u
rw/times/utmr8a.pfb><E:/Program Files (x86)/CTEX/MiKTeX/fonts/type1/urw/times/u
tmri8a.pfb>
Output written on a.pdf (5 pages, 724229 bytes).
PDF statistics:
 342 PDF objects out of 1000 (max. 8388607)
 0 named destinations out of 1000 (max. 500000)
 41 words of extra memory for PDF output out of 10000 (max. 10000000)

